build/app/intermediates/manifest_merge_blame_file/debug/manifest-merger-blame-debug-report.txt
1<?xml version="1.0" encoding="utf-8"?>
2<manifest xmlns:android="http://schemas.android.com/apk/res/android"
3    package="com.sugar.culinary"
4    android:versionCode="2"
5    android:versionName="1.1.0" >
6
7    <uses-sdk
8        android:minSdkVersion="21"
8-->src\main\AndroidManifest.xml
9        android:targetSdkVersion="34" />
9-->src\main\AndroidManifest.xml
10
11    <uses-permission android:name="android.permission.CAMERA" />
11-->src\main\AndroidManifest.xml:5:5-64
11-->src\main\AndroidManifest.xml:5:22-62
12    <uses-permission android:name="android.permission.INTERNET" />
12-->src\main\AndroidManifest.xml:6:5-66
12-->src\main\AndroidManifest.xml:6:22-64
13    <uses-permission android:name="android.permission.READ_MEDIA_IMAGES" />
13-->src\main\AndroidManifest.xml:7:5-75
13-->src\main\AndroidManifest.xml:7:22-73
14    <uses-permission android:name="android.permission.READ_MEDIA_VIDEO" />
14-->src\main\AndroidManifest.xml:8:5-74
14-->src\main\AndroidManifest.xml:8:22-72
15    <uses-permission android:name="android.permission.READ_EXTERNAL_STORAGE" />
15-->src\main\AndroidManifest.xml:9:5-79
15-->src\main\AndroidManifest.xml:9:22-77
16    <uses-permission android:name="android.permission.ACCESS_MEDIA_LOCATION" />
16-->src\main\AndroidManifest.xml:10:5-79
16-->src\main\AndroidManifest.xml:10:22-77
17
18    <permission
18-->[androidx.core:core:1.13.1] AndroidManifest.xml:22:5-24:47
19        android:name="com.sugar.culinary.DYNAMIC_RECEIVER_NOT_EXPORTED_PERMISSION"
19-->[androidx.core:core:1.13.1] AndroidManifest.xml:23:9-81
20        android:protectionLevel="signature" />
20-->[androidx.core:core:1.13.1] AndroidManifest.xml:24:9-44
21
22    <uses-permission android:name="com.sugar.culinary.DYNAMIC_RECEIVER_NOT_EXPORTED_PERMISSION" />
22-->[androidx.core:core:1.13.1] AndroidManifest.xml:26:5-97
22-->[androidx.core:core:1.13.1] AndroidManifest.xml:26:22-94
23
24    <application
25        android:name="android.app.Application"
25-->src\main\AndroidManifest.xml:14:9-42
26        android:appComponentFactory="androidx.core.app.CoreComponentFactory"
26-->[androidx.core:core:1.13.1] AndroidManifest.xml:28:18-86
27        android:debuggable="true"
28        android:icon="@mipmap/ic_launcher"
28-->src\main\AndroidManifest.xml:15:9-43
29        android:label="Sugar Culinary" >
29-->src\main\AndroidManifest.xml:13:9-39
30        <activity
30-->src\main\AndroidManifest.xml:16:9-31:20
31            android:name="com.sugar.culinary.MainActivity"
31-->src\main\AndroidManifest.xml:17:13-41
32            android:configChanges="orientation|keyboardHidden|keyboard|screenSize|smallestScreenSize|locale|layoutDirection|fontScale|screenLayout|density|uiMode"
32-->src\main\AndroidManifest.xml:21:13-163
33            android:exported="true"
33-->src\main\AndroidManifest.xml:18:13-36
34            android:hardwareAccelerated="true"
34-->src\main\AndroidManifest.xml:22:13-47
35            android:launchMode="singleTop"
35-->src\main\AndroidManifest.xml:19:13-43
36            android:theme="@style/LaunchTheme"
36-->src\main\AndroidManifest.xml:20:13-47
37            android:windowSoftInputMode="adjustResize" >
37-->src\main\AndroidManifest.xml:23:13-55
38            <meta-data
38-->src\main\AndroidManifest.xml:24:13-26:57
39                android:name="io.flutter.embedding.android.NormalTheme"
39-->src\main\AndroidManifest.xml:25:17-72
40                android:resource="@style/NormalTheme" />
40-->src\main\AndroidManifest.xml:26:17-54
41
42            <intent-filter>
42-->src\main\AndroidManifest.xml:27:13-30:29
43                <action android:name="android.intent.action.MAIN" />
43-->src\main\AndroidManifest.xml:28:17-69
43-->src\main\AndroidManifest.xml:28:25-66
44
45                <category android:name="android.intent.category.LAUNCHER" />
45-->src\main\AndroidManifest.xml:29:17-77
45-->src\main\AndroidManifest.xml:29:27-74
46            </intent-filter>
47        </activity>
48
49        <meta-data
49-->src\main\AndroidManifest.xml:32:9-34:33
50            android:name="flutterEmbedding"
50-->src\main\AndroidManifest.xml:33:13-44
51            android:value="2" />
51-->src\main\AndroidManifest.xml:34:13-30
52
53        <provider
53-->[:image_picker_android] AndroidManifest.xml:10:9-18:20
54            android:name="io.flutter.plugins.imagepicker.ImagePickerFileProvider"
54-->[:image_picker_android] AndroidManifest.xml:11:13-82
55            android:authorities="com.sugar.culinary.flutter.image_provider"
55-->[:image_picker_android] AndroidManifest.xml:12:13-74
56            android:exported="false"
56-->[:image_picker_android] AndroidManifest.xml:13:13-37
57            android:grantUriPermissions="true" >
57-->[:image_picker_android] AndroidManifest.xml:14:13-47
58            <meta-data
58-->[:image_picker_android] AndroidManifest.xml:15:13-17:75
59                android:name="android.support.FILE_PROVIDER_PATHS"
59-->[:image_picker_android] AndroidManifest.xml:16:17-67
60                android:resource="@xml/flutter_image_picker_file_paths" />
60-->[:image_picker_android] AndroidManifest.xml:17:17-72
61        </provider>
62
63        <activity
63-->[:url_launcher_android] AndroidManifest.xml:10:9-13:74
64            android:name="io.flutter.plugins.urllauncher.WebViewActivity"
64-->[:url_launcher_android] AndroidManifest.xml:11:13-74
65            android:exported="false"
65-->[:url_launcher_android] AndroidManifest.xml:12:13-37
66            android:theme="@android:style/Theme.NoTitleBar.Fullscreen" />
66-->[:url_launcher_android] AndroidManifest.xml:13:13-71
67
68        <uses-library
68-->[androidx.window:window:1.2.0] AndroidManifest.xml:23:9-25:40
69            android:name="androidx.window.extensions"
69-->[androidx.window:window:1.2.0] AndroidManifest.xml:24:13-54
70            android:required="false" />
70-->[androidx.window:window:1.2.0] AndroidManifest.xml:25:13-37
71        <uses-library
71-->[androidx.window:window:1.2.0] AndroidManifest.xml:26:9-28:40
72            android:name="androidx.window.sidecar"
72-->[androidx.window:window:1.2.0] AndroidManifest.xml:27:13-51
73            android:required="false" />
73-->[androidx.window:window:1.2.0] AndroidManifest.xml:28:13-37
74
75        <provider
75-->[androidx.lifecycle:lifecycle-process:2.7.0] AndroidManifest.xml:24:9-32:20
76            android:name="androidx.startup.InitializationProvider"
76-->[androidx.lifecycle:lifecycle-process:2.7.0] AndroidManifest.xml:25:13-67
77            android:authorities="com.sugar.culinary.androidx-startup"
77-->[androidx.lifecycle:lifecycle-process:2.7.0] AndroidManifest.xml:26:13-68
78            android:exported="false" >
78-->[androidx.lifecycle:lifecycle-process:2.7.0] AndroidManifest.xml:27:13-37
79            <meta-data
79-->[androidx.lifecycle:lifecycle-process:2.7.0] AndroidManifest.xml:29:13-31:52
80                android:name="androidx.lifecycle.ProcessLifecycleInitializer"
80-->[androidx.lifecycle:lifecycle-process:2.7.0] AndroidManifest.xml:30:17-78
81                android:value="androidx.startup" />
81-->[androidx.lifecycle:lifecycle-process:2.7.0] AndroidManifest.xml:31:17-49
82            <meta-data
82-->[androidx.profileinstaller:profileinstaller:1.3.1] AndroidManifest.xml:29:13-31:52
83                android:name="androidx.profileinstaller.ProfileInstallerInitializer"
83-->[androidx.profileinstaller:profileinstaller:1.3.1] AndroidManifest.xml:30:17-85
84                android:value="androidx.startup" />
84-->[androidx.profileinstaller:profileinstaller:1.3.1] AndroidManifest.xml:31:17-49
85        </provider>
86
87        <receiver
87-->[androidx.profileinstaller:profileinstaller:1.3.1] AndroidManifest.xml:34:9-52:20
88            android:name="androidx.profileinstaller.ProfileInstallReceiver"
88-->[androidx.profileinstaller:profileinstaller:1.3.1] AndroidManifest.xml:35:13-76
89            android:directBootAware="false"
89-->[androidx.profileinstaller:profileinstaller:1.3.1] AndroidManifest.xml:36:13-44
90            android:enabled="true"
90-->[androidx.profileinstaller:profileinstaller:1.3.1] AndroidManifest.xml:37:13-35
91            android:exported="true"
91-->[androidx.profileinstaller:profileinstaller:1.3.1] AndroidManifest.xml:38:13-36
92            android:permission="android.permission.DUMP" >
92-->[androidx.profileinstaller:profileinstaller:1.3.1] AndroidManifest.xml:39:13-57
93            <intent-filter>
93-->[androidx.profileinstaller:profileinstaller:1.3.1] AndroidManifest.xml:40:13-42:29
94                <action android:name="androidx.profileinstaller.action.INSTALL_PROFILE" />
94-->[androidx.profileinstaller:profileinstaller:1.3.1] AndroidManifest.xml:41:17-91
94-->[androidx.profileinstaller:profileinstaller:1.3.1] AndroidManifest.xml:41:25-88
95            </intent-filter>
96            <intent-filter>
96-->[androidx.profileinstaller:profileinstaller:1.3.1] AndroidManifest.xml:43:13-45:29
97                <action android:name="androidx.profileinstaller.action.SKIP_FILE" />
97-->[androidx.profileinstaller:profileinstaller:1.3.1] AndroidManifest.xml:44:17-85
97-->[androidx.profileinstaller:profileinstaller:1.3.1] AndroidManifest.xml:44:25-82
98            </intent-filter>
99            <intent-filter>
99-->[androidx.profileinstaller:profileinstaller:1.3.1] AndroidManifest.xml:46:13-48:29
100                <action android:name="androidx.profileinstaller.action.SAVE_PROFILE" />
100-->[androidx.profileinstaller:profileinstaller:1.3.1] AndroidManifest.xml:47:17-88
100-->[androidx.profileinstaller:profileinstaller:1.3.1] AndroidManifest.xml:47:25-85
101            </intent-filter>
102            <intent-filter>
102-->[androidx.profileinstaller:profileinstaller:1.3.1] AndroidManifest.xml:49:13-51:29
103                <action android:name="androidx.profileinstaller.action.BENCHMARK_OPERATION" />
103-->[androidx.profileinstaller:profileinstaller:1.3.1] AndroidManifest.xml:50:17-95
103-->[androidx.profileinstaller:profileinstaller:1.3.1] AndroidManifest.xml:50:25-92
104            </intent-filter>
105        </receiver>
106    </application>
107
108</manifest>